{"level":"info","message":"Sunucu 1111 portunda çalışıyor http://localhost:1111"}
{"level":"info","message":"Sunucu 1111 portunda çalışıyor http://localhost:1111"}
{"level":"info","message":"Sunucu 1111 portunda çalışıyor http://localhost:1111"}
{"level":"info","message":"Sunucu 1111 portunda çalışıyor http://localhost:1111"}
{"level":"info","message":"Sunucu 1111 portunda çalışıyor http://localhost:1111"}
{"level":"info","message":"Sunucu 1111 portunda çalışıyor http://localhost:1111"}
{"level":"info","message":"Sunucu 1111 portunda çalışıyor http://localhost:1111"}
{"level":"info","message":"Sunucu 1111 portunda çalışıyor http://localhost:1111"}
{"level":"info","message":"Sunucu 1111 portunda çalışıyor http://localhost:1111"}
{"level":"info","message":{"_csrf":"BxwUAclQ-SG4RoYdq0Fy9xRE5wwJZxEjhQ18","author":"asdasd","content":"asfasdsd","header":"dfs","tags":"asdasd"}}
{"level":"info","message":"Dolu gövde alındı."}
{"level":"info","message":{"_csrf":"rbGytABo-8JiDk-OEZrPT_tuT3Pu8StJOryY","author":"sdf","content":"sdf","header":"dsf","tags":"sdf"}}
{"level":"info","message":"Dolu gövde alındı."}
{"level":"info","message":"Sunucu 1111 portunda çalışıyor http://localhost:1111"}
{"level":"info","message":{"_csrf":"YuqRnOfY-rIgH0a1TrtCzbrM6coEy2gk1u84","author":"sdf","content":"sdfd","header":"dsf","tags":"sdfd"}}
{"level":"info","message":"Dolu gövde alındı."}
{"level":"info","message":"Sunucu 1111 portunda çalışıyor http://localhost:1111"}
{"level":"info","message":"Sunucu 1111 portunda çalışıyor http://localhost:1111"}
{"level":"info","message":"Sunucu 1111 portunda çalışıyor http://localhost:1111"}
{"level":"info","message":"Sunucu 1111 portunda çalışıyor http://localhost:1111"}
{"level":"info","message":"Sunucu 1111 portunda çalışıyor http://localhost:1111"}
{"level":"info","message":"Sunucu 1111 portunda çalışıyor http://localhost:1111"}
{"level":"info","message":"Sunucu 1111 portunda çalışıyor http://localhost:1111"}
{"level":"info","message":"Sunucu 1111 portunda çalışıyor http://localhost:1111"}
{"level":"info","message":{"_csrf":"Ack7CQsK-DiofvKxJ6_ZWFBb4yjI3hdI_aBY","author":"weffew","content":"wefwef","header":"wefewf","tags":"wfwfe"}}
{"level":"info","message":"Dolu gövde alındı."}
{"level":"info","message":"Sunucu 1111 portunda çalışıyor http://localhost:1111"}
{"level":"info","message":"Sunucu 1111 portunda çalışıyor http://localhost:1111"}
{"level":"info","message":"Sunucu 1111 portunda çalışıyor http://localhost:1111"}
{"level":"info","message":"Sunucu 1111 portunda çalışıyor http://localhost:1111"}
{"level":"info","message":"Sunucu 1111 portunda çalışıyor http://localhost:1111"}
{"level":"info","message":"Sunucu 1111 portunda çalışıyor http://localhost:1111"}
{"level":"info","message":{"_csrf":"BKqJyN3G-dMy7rjSLxKVNqiPyEmjhaR_jhI4","author":"asdasd","content":"gvhbjnmö","header":"dsf","tags":"asdasd"}}
{"level":"info","message":"Dolu gövde alındı."}
{"level":"info","message":"Sunucu 1111 portunda çalışıyor http://localhost:1111"}
{"level":"info","message":"Sunucu 1111 portunda çalışıyor http://localhost:1111"}
{"level":"info","message":{"_csrf":"5GlwFUGQ-hxRxJGl8gRFkDUtI4CDtll7ru70","author":"asdasd","content":"yukjn","header":"dsf","tags":"sdf"}}
{"level":"info","message":"Dolu gövde alındı."}
{"level":"info","message":"Sunucu 1111 portunda çalışıyor http://localhost:1111"}
{"level":"info","message":"Sunucu 1111 portunda çalışıyor http://localhost:1111"}
{"level":"info","message":{"_csrf":"DBKh9a83-49o3HYIJbqcnGcDvySt5cwBKN9g","author":"sdf","content":" nb","header":"dsf","tags":"sdf"}}
{"level":"info","message":"Dolu gövde alındı."}
{"level":"info","message":"Sunucu 1111 portunda çalışıyor http://localhost:1111"}
{"level":"info","message":"Sunucu 1111 portunda çalışıyor http://localhost:1111"}
{"level":"info","message":{"_csrf":"WDlB8tuN-Zuu2Z5yRBEZ8BaiPUhODKjJWfSE","author":"asdasd","content":"yuhjkl","header":"dsf","tags":"asdasd"}}
{"level":"info","message":"Dolu gövde alındı."}
{"level":"info","message":"Sunucu 1111 portunda çalışıyor http://localhost:1111"}
{"level":"info","message":"Sunucu 1111 portunda çalışıyor http://localhost:1111"}
{"level":"info","message":{"_csrf":"5msDvYOq-QyPQukpYOl4UpFjgzNiB8moxjbg","author":"sdf","content":"sasd","header":"dfs","tags":"asdasd"}}
{"level":"info","message":"Dolu gövde alındı."}
{"level":"info","message":{"_csrf":"aiPWEcwa-Io8c_qkMpIaeFWY0Rck89yWJP-o","author":"asdasd","content":"dscdsc","header":"wefewf","tags":"asdasd"}}
{"level":"info","message":"Dolu gövde alındı."}
{"level":"info","message":"Sunucu 1111 portunda çalışıyor http://localhost:1111"}
{"level":"info","message":{"_csrf":"6dWnoaOQ-NlokjKEsR0qqcAIs_ghI23yv2Vo","author":"asdasd","content":"dfsdf","header":"dsf","tags":"sdf"}}
{"level":"info","message":"Dolu gövde alındı."}
{"level":"info","message":"Sunucu 1111 portunda çalışıyor http://localhost:1111"}
{"level":"info","message":{"_csrf":"4mYCMAkh-0724wswV8c1H02PBmb-kUWoQ1JU","author":"asdasd","content":"sd","header":"dsf","tags":"asdasd"}}
{"level":"info","message":"Dolu gövde alındı."}
{"author":"asdasd","content":"sd","header":"dsf","level":"info","message":"Blog başarıyla kaydedildi:","tags":"asdasd"}
{"level":"info","message":"Sunucu 1111 portunda çalışıyor http://localhost:1111"}
{"level":"info","message":{"_csrf":"aIaRKAD7-bY8y9sR13eZsxryOXDbNQg31nsM","author":"asdasd","content":"axs","header":"dsf","tags":"sdf"}}
{"level":"info","message":"Dolu gövde alındı."}
{"author":"asdasd","content":"axs","header":"dsf","level":"info","message":"Blog başarıyla kaydedildi:","tags":"sdf"}
{"level":"info","message":{"_csrf":"rMl6jkjR-iWyw8xmXcSCueFD7QnPAi3gDlgU","author":"sdsd","content":"sdvsd","header":"sdcsd","tags":"dsvsvd"}}
{"level":"info","message":"Dolu gövde alındı."}
{"author":"sdsd","content":"sdvsd","header":"sdcsd","level":"info","message":"Blog başarıyla kaydedildi:","tags":"dsvsvd"}
{"level":"info","message":{"_csrf":"qWxTeCOo-PkYZJXC9O9jSSdhZ7wu7VI6QDcw","author":"asdasd","content":"fvdf","header":"dfs","tags":"asdasd"}}
{"level":"info","message":"Dolu gövde alındı."}
{"author":"asdasd","content":"fvdf","header":"dfs","level":"info","message":"Blog başarıyla kaydedildi:","tags":"asdasd"}
{"level":"info","message":{"_csrf":"TqO1czX9-_smF4MijWAhsftjFW0rKMogPxy8","author":"asdasd","content":"ewfewf","header":"dfs","tags":"asdasd"}}
{"level":"info","message":"Dolu gövde alındı."}
{"author":"asdasd","content":"ewfewf","header":"dfs","level":"info","message":"Blog başarıyla kaydedildi:","tags":"asdasd"}
{"level":"info","message":{"_csrf":"UeEdqANZ-FCR5DHSNEZZW8ZutNy2pwwd8PrI","author":"asdasd","content":"wdas","header":"dfs","tags":"asdasd"}}
{"level":"info","message":"Dolu gövde alındı."}
{"author":"asdasd","content":"wdas","header":"dfs","level":"info","message":"Blog başarıyla kaydedildi:","tags":"asdasd"}
{"level":"info","message":{"_csrf":"fMMLnzl0-Y025uhH4T6nfmRKJNJlilQ-W0sY","author":"sdf","content":"sdc","header":"dsf","tags":"asdasd"}}
{"level":"info","message":"Dolu gövde alındı."}
{"author":"sdf","content":"sdc","header":"dsf","level":"info","message":"Blog başarıyla kaydedildi:","tags":"asdasd"}
{"level":"info","message":"Sunucu 1111 portunda çalışıyor http://localhost:1111"}
{"level":"info","message":"Sunucu 1111 portunda çalışıyor http://localhost:1111"}
{"level":"info","message":{"_csrf":"UOanSjrq-OG5lP1RRQAdMu1_F66OQVsCq3h0","author":"asdasd","content":"efwwe","header":"dfs","tags":"asdasd"}}
{"level":"info","message":"Dolu gövde alındı."}
{"author":"asdasd","content":"efwwe","header":"dfs","level":"info","message":"Blog başarıyla kaydedildi:","tags":"asdasd"}
{"level":"info","message":{"_csrf":"1GsNEsRa-sH-OcTUg_rPG2uvyLIgmrr1hGrg","author":"asdasd","content":"gyujık","header":"dsf","tags":"asdasd"}}
{"level":"info","message":"Dolu gövde alındı."}
{"author":"asdasd","content":"gyujık","header":"dsf","level":"info","message":"Blog başarıyla kaydedildi:","tags":"asdasd"}
{"level":"info","message":{"_csrf":"94g4F0Kj-1M4d_IHwzf1mKr-t11ZLZOLVbKo","author":"asdasd","content":"ef","header":"wefewf","tags":"asdasd"}}
{"level":"info","message":"Dolu gövde alındı."}
{"author":"asdasd","content":"ef","header":"wefewf","level":"info","message":"Blog başarıyla kaydedildi:","tags":"asdasd"}
{"level":"info","message":{"_csrf":"D89z9Aok-Rkzr5SVpjovJ-D2gz-jxbECwun8","author":"asdasd","content":"rrt","header":"dfs","tags":"asdasd"}}
{"level":"info","message":"Dolu gövde alındı."}
{"author":"asdasd","content":"rrt","header":"dfs","level":"info","message":"Blog başarıyla kaydedildi:","tags":"asdasd"}
{"level":"info","message":"Sunucu 1111 portunda çalışıyor http://localhost:1111"}
{"level":"info","message":"Sunucu 1111 portunda çalışıyor http://localhost:1111"}
{"level":"info","message":{"_csrf":"sFNmrsHZ-V9llMTTo_kIrz3__ibzZFjLC9Ms","author":"wef","content":"ewf","header":"dfs","tags":"wef"}}
{"level":"info","message":"Dolu gövde alındı."}
{"author":"wef","content":"ewf","header":"dfs","level":"info","message":"Blog başarıyla kaydedildi:","tags":"wef"}
{"level":"info","message":"Sunucu 1111 portunda çalışıyor http://localhost:1111"}
{"level":"info","message":"Sunucu 1111 portunda çalışıyor http://localhost:1111"}
{"level":"info","message":"Sunucu 1111 portunda çalışıyor http://localhost:1111"}
{"level":"info","message":"Sunucu 1111 portunda çalışıyor http://localhost:1111"}
{"level":"info","message":"Sunucu 1111 portunda çalışıyor http://localhost:1111"}
{"level":"info","message":"Sunucu 1111 portunda çalışıyor http://localhost:1111"}
{"level":"info","message":{"_csrf":"wU5AiN0h-pmWU5V2rTg3dZeCMxjZrI3oH6Io","author":"asdds","content":"asdasd","header":"asd","tags":"asdad"}}
{"level":"info","message":"Dolu gövde alındı."}
{"author":"asdds","content":"asdasd","header":"asd","level":"info","message":"Blog başarıyla kaydedildi:","tags":"asdad"}
{"level":"info","message":{"_csrf":"2IFEAw3p-7oSw5HwUAq0AJelazfZMKwLDzpc","author":"asdasd","content":"dgd","header":"wefewf","tags":"asdasd"}}
{"level":"info","message":"Dolu gövde alındı."}
{"author":"asdasd","content":"dgd","header":"wefewf","level":"info","message":"Blog başarıyla kaydedildi:","tags":"asdasd"}
{"level":"info","message":"Sunucu 1111 portunda çalışıyor http://localhost:1111"}
{"level":"info","message":{"_csrf":"f5350V1N-b9NsPDq9ia7oUFeHft9-1k-Pelw","author":"asdasd","content":"dscs","header":"dsf","tags":"sdfds"}}
{"level":"info","message":"Dolu gövde alındı."}
{"author":"asdasd","content":"dscs","header":"dsf","level":"info","message":"Blog başarıyla kaydedildi:","tags":"sdfds"}
{"level":"info","message":{"_csrf":"k3XD5vrS-VzzXTXhz-D0nDOVbH4pVbYkP9CI","author":"wef","content":"wef","header":"erfwf","tags":"wef"}}
{"level":"info","message":"Dolu gövde alındı."}
{"author":"wef","content":"wef","header":"erfwf","level":"info","message":"Blog başarıyla kaydedildi:","tags":"wef"}
{"level":"info","message":"Sunucu 1111 portunda çalışıyor http://localhost:1111"}
{"level":"info","message":"Sunucu 1111 portunda çalışıyor http://localhost:1111"}
{"level":"info","message":{"_csrf":"ccx1cqhe-F6T1QJiPEMGtT8y-JtUavE59DoU","author":"sdf","content":"fghj","header":"wefewf","tags":"sdf"}}
{"level":"info","message":"Dolu gövde alındı."}
{"author":"sdf","content":"fghj","header":"wefewf","level":"info","message":"Blog başarıyla kaydedildi:","tags":"sdf"}
{"level":"info","message":"Sunucu 1111 portunda çalışıyor http://localhost:1111"}
{"level":"info","message":{"_csrf":"4FfDC0pv-z-L3ZVr4Kq10ZVTRYwaRS5U6KBo","author":"asdasd","content":"nmö","header":"dsf","tags":"asdasd"}}
{"level":"info","message":"Dolu gövde alındı."}
{"author":"asdasd","content":"nmö","header":"dsf","level":"info","message":"Blog başarıyla kaydedildi:","tags":"asdasd"}
{"level":"info","message":"Sunucu 1111 portunda çalışıyor http://localhost:1111"}
{"level":"info","message":{"_csrf":"ch4yBuCq-RiaVgZnD9yWkjJFoMqNvLFkuE2E","author":"asdasd","content":"dsds","header":"wefewf","tags":"asdasd"}}
{"level":"info","message":"Dolu gövde alındı."}
{"author":"asdasd","content":"dsds","header":"wefewf","level":"info","message":"Blog başarıyla kaydedildi:","tags":"asdasd"}
{"level":"info","message":"Sunucu 1111 portunda çalışıyor http://localhost:1111"}
{"level":"info","message":"Sunucu 1111 portunda çalışıyor http://localhost:1111"}
{"level":"info","message":"Sunucu 1111 portunda çalışıyor http://localhost:1111"}
{"level":"info","message":"Sunucu 1111 portunda çalışıyor http://localhost:1111"}
{"level":"info","message":"Sunucu 1111 portunda çalışıyor http://localhost:1111"}
{"level":"info","message":{"_csrf":"q5u1JNGT-pR8qvP2WRS3oxyxJKikTEsJsNTQ","author":"asdasd","content":"se","header":"sdcsd","tags":"asdasd"}}
{"level":"info","message":"Dolu gövde alındı."}
{"author":"asdasd","content":"se","header":"sdcsd","level":"info","message":"Blog başarıyla kaydedildi:","tags":"asdasd"}
{"level":"info","message":"Sunucu 1111 portunda çalışıyor http://localhost:1111"}
{"level":"info","message":"Sunucu 1111 portunda çalışıyor http://localhost:1111"}
{"level":"info","message":"Sunucu 1111 portunda çalışıyor http://localhost:1111"}
{"level":"info","message":{"_csrf":"YP30Cf3x-dcUlsWD-XF36sT-xzSXjsby9f0M","author":"wgffwe","content":"sdfsd","header":"sfsd","tags":"weffew"}}
{"level":"info","message":"Dolu gövde alındı."}
{"author":"wgffwe","content":"sdfsd","header":"sfsd","level":"info","message":"Blog başarıyla kaydedildi:","tags":"weffew"}
{"level":"info","message":"Sunucu 1111 portunda çalışıyor http://localhost:1111"}
{"level":"info","message":{"_csrf":"mmx1qc5T-Yv-MMspE7k5d-y27kyzgazqkScU","author":"asdasd","content":"sysr","header":"dfs","tags":"asdasd"}}
{"level":"info","message":"Dolu gövde alındı."}
{"author":"asdasd","content":"sysr","header":"dfs","level":"info","message":"Blog başarıyla kaydedildi:","tags":"asdasd"}
{"level":"info","message":"Sunucu 1111 portunda çalışıyor http://localhost:1111"}
{"level":"info","message":"Sunucu 1111 portunda çalışıyor http://localhost:1111"}
{"level":"info","message":"Sunucu 1111 portunda çalışıyor http://localhost:1111"}
{"level":"info","message":{"_csrf":"tqOuZkb1-o4LZAU4wO43HtNL4L11Hopkyiro","author":"sdf","content":"5euy","header":"asd","tags":"sdf"}}
{"level":"info","message":"Dolu gövde alındı."}
{"author":"sdf","content":"5euy","header":"asd","level":"info","message":"Blog başarıyla kaydedildi:","tags":"sdf"}
{"level":"info","message":{"_csrf":"9G6LNkMc-IdHJRTD5jjTjm52HxA9CqaUaqmA","author":"sdf","content":"r4ewtre","header":"wefewf","tags":"ete"}}
{"level":"info","message":"Dolu gövde alındı."}
{"author":"sdf","content":"r4ewtre","header":"wefewf","level":"info","message":"Blog başarıyla kaydedildi:","tags":"ete"}
{"level":"info","message":{"_csrf":"K0efvjNO-P8w_qwVyXyELnp3VmgEzICMQRrs","author":"sdfds","content":"dssd","header":"dfgfd","tags":"sfds"}}
{"level":"info","message":"Dolu gövde alındı."}
{"author":"sdfds","content":"dssd","header":"dfgfd","level":"info","message":"Blog başarıyla kaydedildi:","tags":"sfds"}
{"level":"info","message":"Sunucu 1111 portunda çalışıyor http://localhost:1111"}
{"level":"info","message":"Sunucu 1111 portunda çalışıyor http://localhost:1111"}
{"level":"info","message":"Sunucu 1111 portunda çalışıyor http://localhost:1111"}
{"level":"info","message":"Sunucu 1111 portunda çalışıyor http://localhost:1111"}
{"level":"info","message":"Sunucu 1111 portunda çalışıyor http://localhost:1111"}
{"level":"info","message":"Sunucu 1111 portunda çalışıyor http://localhost:1111"}
{"level":"info","message":{"_csrf":"rQg8103x-4SYRobppmBGGTXIdgh8fmXF_lT4","author":"sdf","content":"şuşu","header":"şule","tags":"sdfsfd"}}
{"level":"info","message":"Dolu gövde alındı."}
{"author":"sdf","content":"şuşu","header":"şule","level":"info","message":"Blog başarıyla kaydedildi:","tags":"sdfsfd"}
{"level":"info","message":"Sunucu 1111 portunda çalışıyor http://localhost:1111"}
{"level":"info","message":"Sunucu 1111 portunda çalışıyor http://localhost:1111"}
{"level":"info","message":{"_csrf":"0GLxNG5i-jNk9Vpen4pRmh9uz5RrsgJ08nck","author":"wedwd","content":"wdwd","header":"ewdw","tags":"wqdwqd"}}
{"level":"info","message":"Dolu gövde alındı."}
{"author":"wedwd","content":"wdwd","header":"ewdw","level":"info","message":"Blog başarıyla kaydedildi:","tags":"wqdwqd"}
{"level":"info","message":{"_csrf":"wrTfeCge-TDORm4by2ckZmlpLOhgpYbHwJyA","author":"asdasd","content":"dyft","header":"sdcsd","tags":"sdf"}}
{"level":"info","message":"Dolu gövde alındı."}
{"author":"asdasd","content":"dyft","header":"sdcsd","level":"info","message":"Blog başarıyla kaydedildi:","tags":"sdf"}
{"level":"info","message":{"_csrf":"GzvFNqkV-IzhLMDn8jxUknMmQ2ly4jKgd0Yc","author":"wef","content":"wef","header":"erf","tags":"wef"}}
{"level":"info","message":"Dolu gövde alındı."}
{"author":"wef","content":"wef","header":"erf","level":"info","message":"Blog başarıyla kaydedildi:","tags":"wef"}
{"level":"info","message":{"_csrf":"GzvFNqkV-IzhLMDn8jxUknMmQ2ly4jKgd0Yc","author":"wef","content":"wef","header":"erf","tags":"wef"}}
{"level":"info","message":"Dolu gövde alındı."}
{"author":"wef","content":"wef","header":"erf","level":"info","message":"Blog başarıyla kaydedildi:","tags":"wef"}
{"level":"info","message":{"_csrf":"GzvFNqkV-IzhLMDn8jxUknMmQ2ly4jKgd0Yc","author":"wef","content":"wef","header":"erf","tags":"wef"}}
{"level":"info","message":"Dolu gövde alındı."}
{"author":"wef","content":"wef","header":"erf","level":"info","message":"Blog başarıyla kaydedildi:","tags":"wef"}
{"level":"info","message":"Sunucu 1111 portunda çalışıyor http://localhost:1111"}
{"level":"info","message":{"_csrf":"GzvFNqkV-IzhLMDn8jxUknMmQ2ly4jKgd0Yc","author":"wef","content":"wef","header":"erf","tags":"wef"}}
{"level":"info","message":"Dolu gövde alındı."}
{"author":"wef","content":"wef","header":"erf","level":"info","message":"Blog başarıyla kaydedildi:","tags":"wef"}
{"code":"ERR_HTTP_INVALID_STATUS_CODE","level":"error","message":"Veritabanı hatası: Invalid status code: CSRF ile blog başarıyla kaydedildi.","stack":"RangeError [ERR_HTTP_INVALID_STATUS_CODE]: Invalid status code: CSRF ile blog başarıyla kaydedildi.\n    at ServerResponse.writeHead (node:_http_server:352:11)\n    at ServerResponse.writeHead (E:\\techcareer\\node_modules\\on-headers\\index.js:44:26)\n    at ServerResponse._implicitHeader (node:_http_server:338:8)\n    at write_ (node:_http_outgoing:970:9)\n    at ServerResponse.end (node:_http_outgoing:1087:5)\n    at ServerResponse.send (E:\\techcareer\\node_modules\\express\\lib\\response.js:232:10)\n    at ServerResponse.json (E:\\techcareer\\node_modules\\express\\lib\\response.js:278:15)\n    at ServerResponse.send (E:\\techcareer\\node_modules\\express\\lib\\response.js:162:21)\n    at E:\\techcareer\\dist\\server.js:281:18\n    at process.processTicksAndRejections (node:internal/process/task_queues:95:5)"}
{"level":"info","message":"Sunucu 1111 portunda çalışıyor http://localhost:1111"}
{"level":"info","message":{"_csrf":"GzvFNqkV-IzhLMDn8jxUknMmQ2ly4jKgd0Yc","author":"wef","content":"wef","header":"erf","tags":"wef"}}
{"level":"info","message":"Dolu gövde alındı."}
{"author":"wef","content":"wef","header":"erf","level":"info","message":"Blog başarıyla kaydedildi:","tags":"wef"}
{"level":"info","message":"Sunucu 1111 portunda çalışıyor http://localhost:1111"}
{"level":"info","message":{"_csrf":"GzvFNqkV-IzhLMDn8jxUknMmQ2ly4jKgd0Yc","author":"wef","content":"wef","header":"erf","tags":"wef"}}
{"level":"info","message":"Dolu gövde alındı."}
{"author":"wef","content":"wef","header":"erf","level":"info","message":"Blog başarıyla kaydedildi:","tags":"wef"}
{"level":"info","message":{"_csrf":"3M4FF9c2-N4y2pf7oyJeqJe0ov1t_W8GYkZE","author":"sdc","content":"ascas","header":"sac","tags":"asc"}}
{"level":"info","message":"Dolu gövde alındı."}
{"author":"sdc","content":"ascas","header":"sac","level":"info","message":"Blog başarıyla kaydedildi:","tags":"asc"}
{"level":"info","message":"Sunucu 1111 portunda çalışıyor http://localhost:1111"}
{"level":"info","message":"Sunucu 1111 portunda çalışıyor http://localhost:1111"}
{"level":"info","message":"Sunucu 1111 portunda çalışıyor http://localhost:1111"}
{"level":"info","message":"Sunucu 1111 portunda çalışıyor http://localhost:1111"}
{"level":"info","message":"Sunucu 1111 portunda çalışıyor http://localhost:1111"}
{"level":"info","message":"Sunucu 1111 portunda çalışıyor http://localhost:1111"}
{"level":"info","message":"Sunucu 1111 portunda çalışıyor http://localhost:1111"}
{"level":"info","message":"Sunucu 1111 portunda çalışıyor http://localhost:1111"}
{"level":"info","message":{"_csrf":"MjyU0kl2-awcn1FGEi_kDBuT7my701clxisg","author":"sdvdvs","content":"dsvds","header":"sdvvds","tags":"sdvvds"}}
{"level":"info","message":"Dolu gövde alındı."}
{"author":"sdvdvs","content":"dsvds","header":"sdvvds","level":"info","message":"Blog başarıyla kaydedildi:","tags":"sdvvds"}
{"level":"info","message":"Sunucu 1111 portunda çalışıyor http://localhost:1111"}
{"level":"info","message":{"_csrf":"YT0fpRDn-yUriioHf39QK7NxBrZcIMtWClkY","author":"wef","content":"ewffe","header":"ewfew","tags":"ewf"}}
{"level":"info","message":"Dolu gövde alındı."}
{"author":"wef","content":"ewffe","header":"ewfew","level":"info","message":"Blog başarıyla kaydedildi:","tags":"ewf"}
{"level":"info","message":"Sunucu 1111 portunda çalışıyor http://localhost:1111"}
{"level":"info","message":"Sunucu 1111 portunda çalışıyor http://localhost:1111"}
{"level":"info","message":"Sunucu 1111 portunda çalışıyor http://localhost:1111"}
{"level":"info","message":"Sunucu 1111 portunda çalışıyor http://localhost:1111"}
{"level":"info","message":{"_csrf":"Pp0D04Zk-4G3Jt1StwUgRCE0jmliX45X37ek","author":"fef","content":"gffd","header":"dfs","tags":"rwwf"}}
{"level":"info","message":"Dolu gövde alındı."}
{"level":"info","message":"Sunucu 1111 portunda çalışıyor http://localhost:1111"}
{"level":"info","message":"Sunucu 1111 portunda çalışıyor http://localhost:1111"}
{"level":"info","message":{"_csrf":"3DqxVDTS-mq3dCjrsa94PWqIMOzoZQa5k71U","author":"xgxg","content":"xgfg","header":"xggf","tags":"xgxg"}}
{"level":"info","message":"Dolu gövde alındı."}
{"level":"info","message":"Sunucu 1111 portunda çalışıyor http://localhost:1111"}
{"level":"info","message":{"_csrf":"WYMH5Wn6-zQqTZavxYBU7B2STGPtm9Qenc74","author":"sdf","content":"xggf","header":"wefewf","tags":"asdasd"}}
{"level":"info","message":"Dolu gövde alındı."}
{"level":"info","message":"Sunucu 1111 portunda çalışıyor http://localhost:1111"}
{"level":"info","message":{"_csrf":"lGhyvRz0-553dPxaE3aiSTtM3KElYXJKrFgc","author":"xgx","content":"xfgx","header":"dsf","tags":"xgx"}}
{"level":"info","message":"Dolu gövde alındı."}
{"author":"xgx","content":"xfgx","header":"dsf","level":"info","message":"Blog başarıyla kaydedildi:","tags":"xgx"}
{"level":"info","message":"Sunucu 1111 portunda çalışıyor http://localhost:1111"}
{"level":"info","message":{"_csrf":"xXVCxXIp-R51VpGA5ImTsjlHgQOC3zGdtDQ0","author":"asdasd","content":"wefw","header":"dsf","tags":"wef"}}
{"level":"info","message":"Dolu gövde alındı."}
{"author":"asdasd","content":"wefw","header":"dsf","level":"info","message":"Blog başarıyla kaydedildi:","tags":"wef"}
{"level":"info","message":"Sunucu 1111 portunda çalışıyor http://localhost:1111"}
{"level":"info","message":{"_csrf":"TUTqEBxF-9ccVfMaVuGi7F2j9o7RBgkGZEy8","author":"ascca","content":"asx","header":"dfs","tags":"ascca"}}
{"level":"info","message":"Dolu gövde alındı."}
{"author":"ascca","content":"asx","header":"dfs","level":"info","message":"Blog başarıyla kaydedildi:","tags":"ascca"}
{"level":"info","message":"Sunucu 1111 portunda çalışıyor http://localhost:1111"}
{"level":"info","message":"Sunucu 1111 portunda çalışıyor http://localhost:1111"}
{"level":"info","message":"Sunucu 1111 portunda çalışıyor http://localhost:1111"}
{"level":"info","message":"Sunucu 1111 portunda çalışıyor http://localhost:1111"}
{"level":"info","message":{"_csrf":"zXbAwbs3-32UYdiWWFCvDGYuTHKnLeTDydzo","author":"sc","content":"efsc","header":"sdc","tags":"ecsx"}}
{"level":"info","message":"Dolu gövde alındı."}
{"author":"sc","content":"efsc","header":"sdc","level":"info","message":"Blog başarıyla kaydedildi:","tags":"ecsx"}
{"level":"info","message":"Sunucu 1111 portunda çalışıyor http://localhost:1111"}
{"level":"info","message":{"_csrf":"UVpA9ZSa-wfrJ8ISgnH0KuynRIBvjEqOYjh0","author":"ewfw","content":"werwd","header":"wefwe","tags":"ewrwd"}}
{"level":"info","message":"Dolu gövde alındı."}
{"author":"ewfw","content":"werwd","header":"wefwe","level":"info","message":"Blog başarıyla kaydedildi:","tags":"ewrwd"}
{"level":"info","message":"Sunucu 1111 portunda çalışıyor http://localhost:1111"}
{"level":"info","message":"Sunucu 1111 portunda çalışıyor http://localhost:1111"}
{"level":"info","message":"Sunucu 1111 portunda çalışıyor http://localhost:1111"}
{"level":"info","message":"Sunucu 1111 portunda çalışıyor http://localhost:1111"}
{"level":"info","message":{"_csrf":"fIvXmBxY-g1wHRWBto_m1tQrcHPDy4EigAe8","author":"weffwe","content":"weff","header":"ewfewf","tags":"wefw"}}
{"level":"info","message":"Dolu gövde alındı."}
{"level":"info","message":"Sunucu 1111 portunda çalışıyor http://localhost:1111"}
{"level":"info","message":{"_csrf":"4htqVZET-oeCZ8rjoZr0ugTYlRCait5EO2yE","author":"werwe","content":"werewr","header":"erre","tags":"werw"}}
{"level":"info","message":"Dolu gövde alındı."}
{"level":"info","message":"Sunucu 1111 portunda çalışıyor http://localhost:1111"}
{"level":"info","message":{"_csrf":"mhRjaAjR-KkcyWsNCv6s65Kb7PCNUrReUho0","author":"we","content":"wedewd","header":"ewrfef","tags":"wer"}}
{"level":"info","message":"Dolu gövde alındı."}
{"level":"info","message":"Sunucu 1111 portunda çalışıyor http://localhost:1111"}
{"level":"info","message":{"_csrf":"YZP4unho-5qauXPjBH_XKdkLKvRIoD8Tg7So","author":"wedw","content":"weewd","header":"ewef","tags":"wqedwd"}}
{"level":"info","message":"Dolu gövde alındı."}
{"author":"wedw","content":"weewd","header":"ewef","level":"info","message":"Blog başarıyla kaydedildi:","tags":"wqedwd"}
{"level":"info","message":"Sunucu 1111 portunda çalışıyor http://localhost:1111"}
{"level":"info","message":"Sunucu 1111 portunda çalışıyor http://localhost:1111"}
{"level":"info","message":"Sunucu 1111 portunda çalışıyor http://localhost:1111"}
{"level":"info","message":"Sunucu 1111 portunda çalışıyor http://localhost:1111"}
{"level":"info","message":"Sunucu 1111 portunda çalışıyor http://localhost:1111"}
{"level":"info","message":"Sunucu 1111 portunda çalışıyor http://localhost:1111"}
{"level":"info","message":"Sunucu 1111 portunda çalışıyor http://localhost:1111"}
{"level":"info","message":"Sunucu 1111 portunda çalışıyor http://localhost:1111"}
{"level":"info","message":"Sunucu 1111 portunda çalışıyor http://localhost:1111"}
{"level":"info","message":"Sunucu 1111 portunda çalışıyor http://localhost:1111"}
{"level":"info","message":"Sunucu 1111 portunda çalışıyor http://localhost:1111"}
{"level":"info","message":"Sunucu 1111 portunda çalışıyor http://localhost:1111"}
{"level":"info","message":"Sunucu 1111 portunda çalışıyor http://localhost:1111"}
{"level":"info","message":"Sunucu 1111 portunda çalışıyor http://localhost:1111"}
{"level":"info","message":{"_csrf":"EPbEJdB7-k45h5ldDdAFiCuOTzZu4kmmSO8g","author":"weew","content":"fewfew","header":"weewfewfewf","tags":"weffw"}}
{"level":"info","message":"Dolu gövde alındı."}
{"level":"info","message":"Sunucu 1111 portunda çalışıyor http://localhost:1111"}
{"level":"info","message":{"_csrf":"dueuOAuH-JqOf2DtbIJl9X9uypYv0vhoT9lw","author":"asdasd","content":"sfsd","header":"dsf","tags":"asdasd"}}
{"level":"info","message":"Dolu gövde alındı."}
{"author":"asdasd","content":"sfsd","header":"dsf","level":"info","message":"Blog başarıyla kaydedildi:","tags":"asdasd"}
{"level":"info","message":{"_csrf":"0pqHSFrs-NqhHis4o00Z8MAkYxgaUB1H-Xro","author":"asdasd","content":"ghj","header":"wefewf","tags":"asdasd"}}
{"level":"info","message":"Dolu gövde alındı."}
{"author":"asdasd","content":"ghj","header":"wefewf","level":"info","message":"Blog başarıyla kaydedildi:","tags":"asdasd"}
{"level":"info","message":"Sunucu 1111 portunda çalışıyor http://localhost:1111"}
{"level":"info","message":"Sunucu 1111 portunda çalışıyor http://localhost:1111"}
{"level":"info","message":"Sunucu 1111 portunda çalışıyor http://localhost:1111"}
{"level":"info","message":"Sunucu 1111 portunda çalışıyor http://localhost:1111"}
{"level":"info","message":"Sunucu 1111 portunda çalışıyor http://localhost:1111"}
{"level":"info","message":"Sunucu 1111 portunda çalışıyor http://localhost:1111"}
{"level":"info","message":{"_csrf":"0WVq2Sam-Ou5LB0OaCsed-n8DV_yDjUYIcSI","author":"sdf","content":"fdg","header":"wefewf","tags":"sdf"}}
{"level":"info","message":"Dolu gövde alındı."}
{"level":"info","message":"Sunucu 1111 portunda çalışıyor http://localhost:1111"}
{"level":"info","message":"Sunucu 1111 portunda çalışıyor http://localhost:1111"}
{"level":"info","message":"Sunucu 1111 portunda çalışıyor http://localhost:1111"}
{"level":"info","message":"Sunucu 1111 portunda çalışıyor http://localhost:1111"}
{"level":"info","message":"Sunucu 1111 portunda çalışıyor http://localhost:1111"}
{"level":"info","message":"Sunucu 1111 portunda çalışıyor http://localhost:1111"}
{"level":"info","message":{"_csrf":"L1SfRmOt-CcTE0jif5os9LtYJuaqbOrKEP1E","author":"AAAAAAAAAAAAAA","content":"AAAAAAAAAAAA","header":"AAAAAAAAAAAAAAA","tags":"AAAAAAAAAAAAAA"}}
{"level":"info","message":"Dolu gövde alındı."}
{"author":"AAAAAAAAAAAAAA","content":"AAAAAAAAAAAA","header":"AAAAAAAAAAAAAAA","level":"info","message":"Blog başarıyla kaydedildi:","tags":"AAAAAAAAAAAAAA"}
{"level":"info","message":{"_csrf":"L1SfRmOt-CcTE0jif5os9LtYJuaqbOrKEP1E","author":"AAAAAAAAAAAAAA","content":"AAAAAAAAAAAA","header":"AAAAAAAAAAAAAAA","tags":"AAAAAAAAAAAAAA"}}
{"level":"info","message":"Dolu gövde alındı."}
{"author":"AAAAAAAAAAAAAA","content":"AAAAAAAAAAAA","header":"AAAAAAAAAAAAAAA","level":"info","message":"Blog başarıyla kaydedildi:","tags":"AAAAAAAAAAAAAA"}
{"level":"info","message":{"_csrf":"FshQYTwb-WrYO38VQZOki--xscdCeG015AVQ","author":"erf","content":"erg","header":"wefewf","tags":"erf"}}
{"level":"info","message":"Dolu gövde alındı."}
{"author":"erf","content":"erg","header":"wefewf","level":"info","message":"Blog başarıyla kaydedildi:","tags":"erf"}
{"level":"info","message":{"_csrf":"FshQYTwb-WrYO38VQZOki--xscdCeG015AVQ","author":"erf","content":"erg","header":"wefewf","tags":"erf"}}
{"level":"info","message":"Dolu gövde alındı."}
{"author":"erf","content":"erg","header":"wefewf","level":"info","message":"Blog başarıyla kaydedildi:","tags":"erf"}
{"level":"info","message":{"_csrf":"tpanQPch-uxPjmgNbCO8tt87bH_TPnFLysBU","author":"asdasd","content":"wqd","header":"dsf","tags":"asdasd"}}
{"level":"info","message":"Dolu gövde alındı."}
{"author":"asdasd","content":"wqd","header":"dsf","level":"info","message":"Blog başarıyla kaydedildi:","tags":"asdasd"}
{"level":"info","message":"Sunucu 1111 portunda çalışıyor http://localhost:1111"}
{"level":"info","message":"Sunucu 1111 portunda çalışıyor http://localhost:1111"}
{"level":"info","message":{"_csrf":"puBX5Nra-mDyOa4zgu19-9M2DgH39y7HjUOQ","author":"trt","content":"thghr","header":"wefewf","tags":"rtg"}}
{"level":"info","message":"Dolu gövde alındı."}
{"author":"trt","content":"thghr","header":"wefewf","level":"info","message":"Blog başarıyla kaydedildi:","tags":"rtg"}
{"level":"info","message":{"_csrf":"e5KM1147-M7xuwJUNwWuQ85P1TihNyDeqKyM","author":"dfv","content":"fdv","header":"fdv","tags":"dfv"}}
{"level":"info","message":"Dolu gövde alındı."}
{"author":"dfv","content":"fdv","header":"fdv","level":"info","message":"Blog başarıyla kaydedildi:","tags":"dfv"}
{"level":"info","message":{"_csrf":"Til6pmBO-rcNw-APaTfeckn-ml-yFnQ1bifk","author":"sdccs","content":"dscc","header":"sdcc","tags":"sdccs"}}
{"level":"info","message":"Dolu gövde alındı."}
{"author":"sdccs","content":"dscc","header":"sdcc","level":"info","message":"Blog başarıyla kaydedildi:","tags":"sdccs"}
{"level":"info","message":{"_csrf":"998uA24e-riUifcdiBDmRu_3tU8YkYSF7F3Y","author":"ascsc","content":"sccs","header":"sddsc","tags":"sac"}}
{"level":"info","message":"Dolu gövde alındı."}
{"author":"ascsc","content":"sccs","header":"sddsc","level":"info","message":"Blog başarıyla kaydedildi:","tags":"sac"}
{"level":"info","message":"Sunucu 1111 portunda çalışıyor http://localhost:1111"}
{"level":"info","message":"Sunucu 1111 portunda çalışıyor http://localhost:1111"}
{"level":"info","message":{"_csrf":"7Ddd0SpW-l7aZiQPhNJsVC8UCfIMd0ns036w","author":"wefw","content":"esfw","header":"ef","tags":"weffwe"}}
{"level":"info","message":"Dolu gövde alındı."}
{"author":"wefw","content":"esfw","header":"ef","level":"info","message":"Blog başarıyla kaydedildi:","tags":"weffwe"}
{"level":"info","message":{"_csrf":"lrSoOsXL-4oI-n6rcxz8phOK0V6_Ygrhmbwo","author":"wef","content":"wef","header":"wef","tags":"wef"}}
{"level":"info","message":"Dolu gövde alındı."}
{"author":"wef","content":"wef","header":"wef","level":"info","message":"Blog başarıyla kaydedildi:","tags":"wef"}
{"level":"info","message":"Sunucu 1111 portunda çalışıyor http://localhost:1111"}
{"level":"info","message":"Sunucu 1111 portunda çalışıyor http://localhost:1111"}
{"level":"info","message":"Sunucu 1111 portunda çalışıyor http://localhost:1111"}
{"level":"info","message":"Sunucu 1111 portunda çalışıyor http://localhost:1111"}
{"level":"info","message":"Sunucu 1111 portunda çalışıyor http://localhost:1111"}
{"level":"info","message":"Sunucu 1111 portunda çalışıyor http://localhost:1111"}
{"level":"info","message":"Sunucu 1111 portunda çalışıyor http://localhost:1111"}
{"level":"info","message":"Sunucu 1111 portunda çalışıyor http://localhost:1111"}
{"level":"info","message":"Sunucu 1111 portunda çalışıyor http://localhost:1111"}
{"level":"info","message":"Sunucu 1111 portunda çalışıyor http://localhost:1111"}
{"level":"info","message":"Sunucu 1111 portunda çalışıyor http://localhost:1111"}
{"level":"info","message":"Sunucu 1111 portunda çalışıyor http://localhost:1111"}
{"level":"info","message":"Sunucu 1111 portunda çalışıyor http://localhost:1111"}
{"level":"info","message":"Sunucu 1111 portunda çalışıyor http://localhost:1111"}
{"level":"info","message":"Sunucu 1111 portunda çalışıyor http://localhost:1111"}
{"level":"info","message":"Sunucu 1111 portunda çalışıyor http://localhost:1111"}
{"level":"info","message":"Sunucu 1111 portunda çalışıyor http://localhost:1111"}
{"level":"info","message":"Sunucu 1111 portunda çalışıyor http://localhost:1111"}
{"level":"info","message":"Sunucu 1111 portunda çalışıyor http://localhost:1111"}
{"level":"info","message":"Sunucu 1111 portunda çalışıyor http://localhost:1111"}
{"level":"info","message":"Sunucu 1111 portunda çalışıyor http://localhost:1111"}
{"level":"info","message":"Sunucu 1111 portunda çalışıyor http://localhost:1111"}
{"level":"info","message":"Sunucu 1111 portunda çalışıyor http://localhost:1111"}
{"level":"info","message":"Sunucu 1111 portunda çalışıyor http://localhost:1111"}
{"level":"info","message":"Sunucu 1111 portunda çalışıyor http://localhost:1111"}
{"level":"info","message":"Sunucu 1111 portunda çalışıyor http://localhost:1111"}
{"level":"info","message":"Sunucu 1111 portunda çalışıyor http://localhost:1111"}
{"level":"info","message":"Sunucu 1111 portunda çalışıyor http://localhost:1111"}
{"level":"info","message":"Sunucu 1111 portunda çalışıyor http://localhost:1111"}
{"level":"info","message":"Sunucu 1111 portunda çalışıyor http://localhost:1111"}
{"level":"info","message":"Sunucu 1111 portunda çalışıyor http://localhost:1111"}
{"level":"info","message":"Sunucu 1111 portunda çalışıyor http://localhost:1111"}
{"level":"info","message":{"_csrf":"TGpcOcpl-FycBd1KKjd-fdMtm8-jtm4sJzgg","author":"fdvs","content":"dfvv","header":"fbvb","tags":"svds"}}
{"level":"info","message":"Dolu gövde alındı."}
{"author":"fdvs","content":"dfvv","header":"fbvb","level":"info","message":"Blog başarıyla kaydedildi:","tags":"svds"}
{"level":"info","message":"Sunucu 1111 portunda çalışıyor http://localhost:1111"}
{"level":"info","message":"Sunucu 1111 portunda çalışıyor http://localhost:1111"}
{"level":"info","message":"Sunucu 1111 portunda çalışıyor http://localhost:1111"}
{"level":"info","message":"Sunucu 1111 portunda çalışıyor http://localhost:1111"}
{"level":"info","message":"Sunucu 1111 portunda çalışıyor http://localhost:1111"}
{"level":"info","message":{"_csrf":"XQVys76A-CAlcTCFG_6kDIqBkNOftPXvrYcE","email":"ssevim20@posta.pau.edu.tr","password":"wewedf","username":"ssevim20"}}
{"level":"info","message":"Dolu gövde alındı."}
{"email":"ssevim20@posta.pau.edu.tr","level":"info","message":"register başarıyla kaydedildi:","password":"wewedf","username":"ssevim20"}
{"level":"info","message":"Sunucu 1111 portunda çalışıyor http://localhost:1111"}
{"level":"info","message":{"_csrf":"kjc9En1U-nRv0PfZC-M7IdHv6YRv0PBwNe4U","author":"asda","content":"sds","header":"dfs","tags":"asdad"}}
{"level":"info","message":"Dolu gövde alındı."}
{"author":"asda","content":"sds","header":"dfs","level":"info","message":"Blog başarıyla kaydedildi:","tags":"asdad"}
{"level":"info","message":"Sunucu 1111 portunda çalışıyor http://localhost:1111"}
{"level":"info","message":{"_csrf":"lee48VwS-DUH4r0tDzggvEleUVyv3SDkaE2U","email":"ssevim20@posta.pau.edu.tr","password":"fgf","username":"ssevim20"}}
{"level":"info","message":"Dolu gövde alındı."}
{"email":"ssevim20@posta.pau.edu.tr","level":"info","message":"register başarıyla kaydedildi:","password":"fgf","username":"ssevim20"}
{"level":"info","message":"Sunucu 1111 portunda çalışıyor http://localhost:1111"}
{"level":"info","message":"Sunucu 1111 portunda çalışıyor http://localhost:1111"}
{"level":"info","message":"Sunucu 1111 portunda çalışıyor http://localhost:1111"}
{"level":"info","message":{"_csrf":"cbtRVlGt-CoDaoof-jZjSyUFmzeFaHv9n7KA","email":"ssevim20@posta.pau.edu.tr","password":"ter","username":"ssevim20"}}
{"level":"info","message":"Dolu gövde alındı."}
{"email":"ssevim20@posta.pau.edu.tr","level":"info","message":"register başarıyla kaydedildi:","password":"ter","username":"ssevim20"}
{"level":"info","message":"Sunucu 1111 portunda çalışıyor http://localhost:1111"}
{"level":"info","message":"Sunucu 1111 portunda çalışıyor http://localhost:1111"}
{"level":"info","message":"Sunucu 1111 portunda çalışıyor http://localhost:1111"}
{"level":"info","message":"Sunucu 1111 portunda çalışıyor http://localhost:1111"}
{"level":"info","message":{"_csrf":"FwaaPNJF-keIqLtkfqYchOK32uz7e2QpWm3g","email":"ssevim20@posta.pau.edu.tr","password":"asdda","username":"ssevim20"}}
{"level":"info","message":"Dolu gövde alındı."}
{"email":"ssevim20@posta.pau.edu.tr","level":"info","message":"register başarıyla kaydedildi:","password":"asdda","username":"ssevim20"}
{"level":"info","message":"Sunucu 1111 portunda çalışıyor http://localhost:1111"}
{"level":"info","message":"Sunucu 1111 portunda çalışıyor http://localhost:1111"}
{"level":"info","message":"Sunucu 1111 portunda çalışıyor http://localhost:1111"}
{"level":"info","message":"Sunucu 1111 portunda çalışıyor http://localhost:1111"}
{"level":"info","message":"Sunucu 1111 portunda çalışıyor http://localhost:1111"}
{"level":"info","message":"Sunucu 1111 portunda çalışıyor http://localhost:1111"}
{"level":"info","message":"Sunucu 1111 portunda çalışıyor http://localhost:1111"}
{"level":"info","message":"Sunucu 1111 portunda çalışıyor http://localhost:1111"}
{"level":"info","message":"Sunucu 1111 portunda çalışıyor http://localhost:1111"}
{"level":"info","message":"Sunucu 1111 portunda çalışıyor http://localhost:1111"}
{"level":"info","message":"Sunucu 1111 portunda çalışıyor http://localhost:1111"}
{"level":"info","message":"Sunucu 1111 portunda çalışıyor http://localhost:1111"}
{"level":"info","message":"Sunucu 1111 portunda çalışıyor http://localhost:1111"}
{"level":"info","message":"Sunucu 1111 portunda çalışıyor http://localhost:1111"}
{"level":"info","message":"Sunucu 1111 portunda çalışıyor http://localhost:1111"}
{"level":"info","message":"Sunucu 1111 portunda çalışıyor http://localhost:1111"}
{"level":"info","message":"Sunucu 1111 portunda çalışıyor http://localhost:1111"}
{"level":"info","message":"Sunucu 1111 portunda çalışıyor http://localhost:1111"}
{"level":"info","message":"Sunucu 1111 portunda çalışıyor http://localhost:1111"}
{"level":"info","message":"Sunucu 1111 portunda çalışıyor http://localhost:1111"}
{"level":"info","message":"Sunucu 1111 portunda çalışıyor http://localhost:1111"}
{"level":"info","message":"Sunucu 1111 portunda çalışıyor http://localhost:1111"}
{"level":"info","message":"Sunucu 1111 portunda çalışıyor http://localhost:1111"}
